"E:/Autogrid_Loading 4.26/Content/UI/Tutorial_Enum.uasset" 0
"E:/Autogrid_Loading 4.26/Content/UI/UI_Elements/HandUI/UI_Hand.uasset" 1
"E:/Autogrid_Loading 4.26/Content/UI/UI_Elements/HandUI/ControllerUIMat.uasset" 2
"E:/Autogrid_Loading 4.26/Content/UI/UI_Elements/HandUI/ControllerUIMatGreen_Inst.uasset" 3
"E:/Autogrid_Loading 4.26/Content/UI/UI_Elements/HandUI/ControllerUIMatRed_Inst.uasset" 4
"E:/Autogrid_Loading 4.26/Content/UI/UI_Elements/HandUI/HandUIMesh.uasset" 5
"E:/Autogrid_Loading 4.26/Content/UI/UI_Elements/MatHighlight/MF_SampleSceneTextureNeighbourUVs.uasset" 6
"E:/Autogrid_Loading 4.26/Content/UI/UI_Elements/MatHighlight/MF_ExtractDepth.uasset" 7
"../../../Engine/Content/Functions/Engine_MaterialFunctions02/SplitComponents.uasset" 8
"E:/Autogrid_Loading 4.26/Content/UI/UI_Elements/MatHighlight/MF_ConvolveTexture.uasset" 9
"../../../Engine/Content/Functions/Engine_MaterialFunctions02/Utility/VectorLength.uasset" 10
"E:/Autogrid_Loading 4.26/Content/UI/UI_Elements/MatHighlight/PP_Outliner_M.uasset" 11
"E:/Autogrid_Loading 4.26/Content/UI/UI_Elements/MatHighlight/PP_Outliner_Inst.uasset" 12
"E:/Autogrid_Loading 4.26/Content/VirtualRealityBP/Blueprints/Global_Arrays.uasset" 13
"../../../Engine/Content/Animation/DefaultAnimBoneCompressionSettings.uasset" 14
"../../../Engine/Content/Animation/DefaultAnimCurveCompressionSettings.uasset" 15
"../../../Engine/Content/EngineMaterials/T_Default_Material_Grid_N.uasset" 16
"../../../Engine/Content/EngineMaterials/T_Default_Material_Grid_M.uasset" 17
"../../../Engine/Content/Functions/Engine_MaterialFunctions01/Opacity/CameraDepthFade.uasset" 18
"../../../Engine/Content/EngineMaterials/WorldGridMaterial.uasset" 19
"../../../Engine/Content/ArtTools/RenderToTexture/Meshes/S_1_Unit_Plane.uasset" 20
"../../../Engine/Content/EngineMaterials/DefaultMaterial.uasset" 21
"../../../Engine/Content/BasicShapes/Cone.uasset" 22
"../../../Engine/Content/EditorLandscapeResources/DataLayer.uasset" 23
"../../../Engine/Content/EditorLandscapeResources/DefaultAlphaTexture.uasset" 24
"../../../Engine/Content/EditorMaterials/MAT_Groups_Toggle.uasset" 25
"../../../Engine/Content/EditorMaterials/MAT_Groups_Visibility.uasset" 26
"../../../Engine/Content/EditorMaterials/PreviewShadowIndicator.uasset" 27
"../../../Engine/Content/EditorMaterials/PreviewShadowIndicatorMaterial.uasset" 28
"../../../Engine/Content/EditorMaterials/MatineeGroups/MAT_ColorTrack.uasset" 29
"../../../Engine/Content/EditorMaterials/MatineeGroups/MAT_Groups_Anim.uasset" 30
"../../../Engine/Content/EditorMaterials/MatineeGroups/MAT_Groups_AudioMaster.uasset" 31
"../../../Engine/Content/EditorMaterials/MatineeGroups/MAT_Groups_Director.uasset" 32
"../../../Engine/Content/EditorMaterials/MatineeGroups/MAT_Groups_Event.uasset" 33
"../../../Engine/Content/EditorMaterials/MatineeGroups/MAT_Groups_Fade.uasset" 34
"../../../Engine/Content/EditorMaterials/MatineeGroups/MAT_Groups_Float.uasset" 35
"../../../Engine/Content/EditorMaterials/MatineeGroups/MAT_Groups_Move.uasset" 36
"../../../Engine/Content/EditorMaterials/MatineeGroups/MAT_Groups_Slomo.uasset" 37
"../../../Engine/Content/EditorMaterials/MatineeGroups/MAT_Groups_Sound.uasset" 38
"../../../Engine/Content/EditorMaterials/MatineeGroups/MAT_Groups_Vector.uasset" 39
"../../../Engine/Content/EditorMaterials/ParticleSystems/PSysThumbnail_NoImage.uasset" 40
"../../../Engine/Content/EditorMaterials/ParticleSystems/PSysThumbnail_OOD.uasset" 41
"../../../Engine/Content/EditorMaterials/Camera/CineMat.uasset" 42
"../../../Engine/Content/EditorMaterials/Camera/MI_CineMat_Rig.uasset" 43
"../../../Engine/Content/EditorMeshes/Camera/SM_CraneRig_Arm.uasset" 44
"../../../Engine/Content/EditorMeshes/Camera/SM_CraneRig_Base.uasset" 45
"../../../Engine/Content/EditorMeshes/Camera/SM_CraneRig_Body.uasset" 46
"../../../Engine/Content/EditorMeshes/Camera/SM_CraneRig_Mount.uasset" 47
"../../../Engine/Content/EditorMeshes/Camera/SM_RailRig_Mount.uasset" 48
"../../../Engine/Content/EditorMeshes/Camera/SM_RailRig_Track.uasset" 49
"../../../Engine/Content/EditorResources/BSPVertex.uasset" 50
"../../../Engine/Content/EditorResources/EmptyActor.uasset" 51
"../../../Engine/Content/EditorResources/S_Actor.uasset" 52
"../../../Engine/Content/EditorResources/S_Note.uasset" 53
"../../../Engine/Content/EditorResources/S_Solver.uasset" 54
"../../../Engine/Content/EditorResources/S_Terrain.uasset" 55
"../../../Engine/Content/EditorResources/S_Trigger.uasset" 56
"../../../Engine/Content/EditorResources/SequenceRecorder/Countdown.uasset" 57
"../../../Engine/Content/EditorResources/SequenceRecorder/RecordingIndicator.uasset" 58
"../../../Engine/Content/EngineDamageTypes/DmgTypeBP_Environmental.uasset" 59
"../../../Engine/Content/EngineDebugMaterials/DebugEditorMaterial.uasset" 60
"../../../Engine/Content/EngineDebugMaterials/DebugMeshMaterial.uasset" 61
"../../../Engine/Content/EngineDebugMaterials/M_SimpleUnlitTranslucent.uasset" 62
"../../../Engine/Content/EngineDebugMaterials/VolumeToRender.uasset" 63
"../../../Engine/Content/Functions/Engine_MaterialFunctions02/Utility/CameraDirectionVector.uasset" 64
"../../../Engine/Content/EngineDebugMaterials/M_VolumeRenderSphereTracePP.uasset" 65
"../../../Engine/Content/Functions/Engine_MaterialFunctions01/Shading/ConvertFromDiffSpec.uasset" 66
"../../../Engine/Content/EngineDebugMaterials/VertexColorMaterial.uasset" 67
"../../../Engine/Content/EngineDebugMaterials/WireframeMaterial.uasset" 68
"../../../Engine/Content/EngineFonts/Faces/RobotoRegular.uasset" 69
"../../../Engine/Content/EngineFonts/Faces/RobotoLight.uasset" 70
"../../../Engine/Content/EngineFonts/Faces/RobotoItalic.uasset" 71
"../../../Engine/Content/EngineFonts/Faces/RobotoBoldItalic.uasset" 72
"../../../Engine/Content/EngineFonts/Faces/RobotoBold.uasset" 73
"../../../Engine/Content/EngineFonts/Faces/DroidSansFallback.uasset" 74
"../../../Engine/Content/EngineFonts/Roboto.uasset" 75
"../../../Engine/Content/EngineMaterials/BaseFlattenNormalMap.uasset" 76
"../../../Engine/Content/EngineMaterials/BaseFlattenGrayscaleMap.uasset" 77
"../../../Engine/Content/EngineMaterials/BaseFlattenEmissiveMap.uasset" 78
"../../../Engine/Content/EngineMaterials/BaseFlattenDiffuseMap.uasset" 79
"../../../Engine/Content/EngineMaterials/BaseFlattenMaterial.uasset" 80
"../../../Engine/Content/EngineMaterials/BlueNoise.uasset" 81
"../../../Engine/Content/EngineMaterials/DefaultBloomKernel.uasset" 82
"../../../Engine/Content/EngineMaterials/DefaultBokeh.uasset" 83
"../../../Engine/Content/EngineMaterials/DefaultDiffuse.uasset" 84
"../../../Engine/Content/EngineMaterials/DefaultDeferredDecalMaterial.uasset" 85
"../../../Engine/Content/EngineMaterials/DefaultLightFunctionMaterial.uasset" 86
"../../../Engine/Content/EngineMaterials/DefaultPhysicalMaterial.uasset" 87
"../../../Engine/Content/Functions/Engine_MaterialFunctions02/Utility/BreakOutFloat2Components.uasset" 88
"../../../Engine/Content/EngineMaterials/DefaultPostProcessMaterial.uasset" 89
"../../../Engine/Content/EngineFonts/RobotoDistanceField.uasset" 90
"../../../Engine/Content/EngineMaterials/DefaultTextMaterialOpaque.uasset" 91
"../../../Engine/Content/EngineMaterials/DefaultWhiteGrid.uasset" 92
"../../../Engine/Content/EngineMaterials/DefaultWhiteGrid_Low.uasset" 93
"../../../Engine/Content/EngineMaterials/EmissiveMeshMaterial.uasset" 94
"../../../Engine/Content/EngineMaterials/GizmoMaterial.uasset" 95
"../../../Engine/Content/EngineMaterials/MiniFont.uasset" 96
"../../../Engine/Content/EngineMaterials/InvalidLightmapSettings.uasset" 97
"../../../Engine/Content/EngineMaterials/M_InvalidLightmapSettings.uasset" 98
"../../../Engine/Content/Functions/Engine_MaterialFunctions02/WorldPositionOffset/CameraOffset.uasset" 99
"../../../Engine/Content/EngineMaterials/PhAT_JointLimitMaterial.uasset" 100
"../../../Engine/Content/EngineMaterials/PreintegratedSkinBRDF.uasset" 101
"../../../Engine/Content/EngineMaterials/RemoveSurfaceMaterial.uasset" 102
"../../../Engine/Content/EngineMaterials/WeightMapPlaceholderTexture.uasset" 103
"../../../Engine/Content/EngineResources/WhiteSquareTexture.uasset" 104
"../../../Engine/Content/EngineMaterials/Widget3DPassThrough.uasset" 105
"../../../Engine/Content/EngineMaterials/Widget3DPassThrough_Masked.uasset" 106
"../../../Engine/Content/EngineMaterials/Widget3DPassThrough_Opaque.uasset" 107
"../../../Engine/Content/EngineMaterials/Widget3DPassThrough_Masked_OneSided.uasset" 108
"../../../Engine/Content/EngineMaterials/Widget3DPassThrough_Opaque_OneSided.uasset" 109
"../../../Engine/Content/EngineMaterials/Widget3DPassThrough_Translucent.uasset" 110
"../../../Engine/Content/EngineMaterials/Widget3DPassThrough_Translucent_OneSided.uasset" 111
"../../../Engine/Content/EngineMeshes/Cylinder.uasset" 112
"../../../Engine/Content/EngineMeshes/Sphere.uasset" 113
"../../../Engine/Content/EngineResources/Black.uasset" 114
"../../../Engine/Content/EngineResources/DefaultTextureCube.uasset" 115
"../../../Engine/Content/EngineResources/DefaultVolumeTexture2D.uasset" 116
"../../../Engine/Content/EngineResources/DefaultVolumeTexture.uasset" 117
"../../../Engine/Content/EngineResources/GradientTexture0.uasset" 118
"../../../Engine/Content/EngineSky/VolumetricClouds/T_NoiseShape64.uasset" 119
"../../../Engine/Content/EngineSky/VolumetricClouds/T_VolumeNoiseShape64.uasset" 120
"../../../Engine/Content/EngineSky/VolumetricClouds/T_NoiseErosion.uasset" 121
"../../../Engine/Content/EngineSky/VolumetricClouds/T_VolumeNoiseErosion32.uasset" 122
"../../../Engine/Content/Functions/Engine_MaterialFunctions02/Utility/MakeFloat2.uasset" 123
"../../../Engine/Content/EngineSky/VolumetricClouds/CloudWeatherTexture.uasset" 124
"../../../Engine/Content/EngineSky/VolumetricClouds/CloudGradientTexture.uasset" 125
"../../../Engine/Content/EngineSky/VolumetricClouds/m_SimpleVolumetricCloud.uasset" 126
"../../../Engine/Content/EngineSky/VolumetricClouds/m_SimpleVolumetricCloud_Inst.uasset" 127
"../../../Engine/Content/EngineSounds/Master.uasset" 128
"../../../Engine/Content/Functions/Engine_MaterialFunctions01/Shading/PowerToRoughness.uasset" 129
"../../../Engine/Content/Maps/Templates/Thumbnails/Default.uasset" 130
"../../../Engine/Content/Maps/Templates/Thumbnails/TimeOfDay.uasset" 131
"../../../Engine/Content/Maps/Templates/Thumbnails/VR-Basic.uasset" 132
"../../../Engine/Content/MobileResources/T_MobileControls_texture.uasset" 133
"../../../Engine/Content/MobileResources/T_MobileMenu2.uasset" 134
"../../../Engine/Content/MobileResources/HUD/AnalogHat.uasset" 135
"../../../Engine/Content/MobileResources/HUD/VirtualJoystick_Thumb.uasset" 136
"../../../Engine/Content/MobileResources/HUD/VirtualJoystick_Background.uasset" 137
"../../../Engine/Content/MobileResources/HUD/DefaultVirtualJoysticks.uasset" 138
"../../../Engine/Content/MobileResources/HUD/LeftVirtualJoystickOnly.uasset" 139
"../../../Engine/Content/MobileResources/HUD/MobileHUDButton1_off.uasset" 140
"../../../Engine/Content/MobileResources/HUD/MobileHUDButton1_on.uasset" 141
"../../../Engine/Content/MobileResources/HUD/MobileHUDButton2_off.uasset" 142
"../../../Engine/Content/MobileResources/HUD/MobileHUDButton2_on.uasset" 143
"../../../Engine/Content/MobileResources/HUD/MobileHUDButton3.uasset" 144
"../../../Engine/Content/MobileResources/HUD/MobileHUDButtonFire.uasset" 145
"../../../Engine/Content/MobileResources/HUD/MobileHUDDirectionPad.uasset" 146
"../../../Engine/Content/MobileResources/HUD/MobileHUDDirectionPad2.uasset" 147
"../../../Engine/Content/MobileResources/HUD/MobileHUDDirectionPad3.uasset" 148
"../../../Engine/Content/MobileResources/HUD/MobileHUDDirectionStick.uasset" 149
"../../../Engine/Content/MobileResources/HUD/T_Castle_ThumbstickInner.uasset" 150
"../../../Engine/Content/MobileResources/HUD/T_Castle_ThumbstickOutter.uasset" 151
"../../../Engine/Content/Tutorial/ContentIntroCurve.uasset" 152
"../../../Engine/Content/VREditor/TransformGizmo/TranslucentTransformGizmoMaterial.uasset" 153
"../../../Engine/Content/VREditor/LaserPointer/VR_LaserPower_01.uasset" 154
"../../../Engine/Content/VREditor/TransformGizmo/TransformGizmoMaterial.uasset" 155
"../../../Engine/Content/VREditor/TransformGizmo/BoundingBoxCorner.uasset" 156
"../../../Engine/Content/VREditor/TransformGizmo/BoundingBoxEdge.uasset" 157
"../../../Engine/Content/VREditor/TransformGizmo/PlaneTranslationHandle.uasset" 158
"../../../Engine/Content/VREditor/TransformGizmo/Xray.uasset" 159
"../../../Engine/Content/VREditor/TransformGizmo/Main.uasset" 160
"../../../Engine/Content/VREditor/TransformGizmo/SM_Sequencer_Key.uasset" 161
"../../../Engine/Content/VREditor/TransformGizmo/SM_Sequencer_Node.uasset" 162
"../../Plugins/2D/Paper2D/Content/PlaceholderTextures/DummySpriteTexture.uasset" 163
"../../Plugins/2D/Paper2D/Content/DummySprite.uasset" 164
"../../Plugins/2D/Paper2D/Content/DefaultPaperTerrainMaterial.uasset" 165
"../../Plugins/2D/Paper2D/Content/DefaultSpriteMaterial.uasset" 166
"../../Plugins/2D/Paper2D/Content/MaskedUnlitSpriteMaterial.uasset" 167
"../../Plugins/2D/Paper2D/Content/OpaqueUnlitSpriteMaterial.uasset" 168
"../../../Engine/Content/Functions/Engine_MaterialFunctions02/Utility/BreakOutFloat3Components.uasset" 169
"../../../Engine/Content/Functions/Engine_MaterialFunctions02/ObjectLocalBounds.uasset" 170
"../../../Engine/Content/Functions/Engine_MaterialFunctions02/SafeNormalize.uasset" 171
"../../Plugins/Editor/SpeedTreeImporter/Content/SpeedTree9/UnpackInteger3.uasset" 172
"../../Plugins/Editor/SpeedTreeImporter/Content/SpeedTree9/UnpackDirection.uasset" 173
"../../Plugins/Editor/SpeedTreeImporter/Content/SpeedTree9/game_wind_noise.uasset" 174
"../../Plugins/Editor/SpeedTreeImporter/Content/SpeedTree9/SpeedTreeWindMotion.uasset" 175
"../../Plugins/Editor/SpeedTreeImporter/Content/SpeedTree9/SpeedTreeBranchMotion.uasset" 176
"../../../Engine/Content/Functions/Engine_MaterialFunctions02/UVs/BoundingBoxBased_0-1_UVW.uasset" 177
"../../Plugins/Editor/SpeedTreeImporter/Content/SpeedTree9/SpeedTreeWind.uasset" 178
"../../Plugins/Editor/SpeedTreeImporter/Content/SpeedTree9/SpeedTreeBillboard.uasset" 179
"../../../Engine/Content/EngineResources/DefaultTexture.uasset" 180
"../../Plugins/Editor/SpeedTreeImporter/Content/SpeedTree9/SpeedTreeBillboardMaster.uasset" 181
"../../Plugins/Editor/SpeedTreeImporter/Content/SpeedTree9/SpeedTreeCameraFacing.uasset" 182
"../../Plugins/Editor/SpeedTreeImporter/Content/SpeedTree9/SpeedTreeMaster.uasset" 183
"../../../Engine/Content/ArtTools/RenderToTexture/Materials/Debug/M_Emissive_Color.uasset" 184
"../../../Engine/Content/BasicShapes/Cylinder.uasset" 185
"../../Plugins/Lumin/MagicLeapPassableWorld/Content/MagicLeapARPinInfoActor.uasset" 186
"../../../Engine/Content/Functions/Engine_MaterialFunctions02/Utility/MakeFloat3.uasset" 187
"../../../Engine/Content/Functions/Engine_MaterialFunctions02/Utility/BreakOutFloat4Components.uasset" 188
"../../Plugins/Runtime/Oculus/OculusVR/Content/Materials/OculusMR_ChromaKey.uasset" 189
"../../Plugins/Runtime/Oculus/OculusVR/Content/Materials/OculusMR_OpaqueColoredMaterial.uasset" 190
"../../Plugins/Runtime/Oculus/OculusVR/Content/Materials/PokeAHoleMaterial.uasset" 191
"E:/Autogrid_Loading 4.26/Content/Clip_Model/Table_Detaction.uasset" 192
"E:/Autogrid_Loading 4.26/Content/Clip_Model/Material_004.uasset" 193
"E:/Autogrid_Loading 4.26/Content/Clip_Model/Material_017.uasset" 194
"E:/Autogrid_Loading 4.26/Content/Clip_Model/uploads_files_2501454_ladder.uasset" 195
"E:/Autogrid_Loading 4.26/Content/Clip_Model/phong2.uasset" 196
"E:/Autogrid_Loading 4.26/Content/Clip_Model/lambert26.uasset" 197
"E:/Autogrid_Loading 4.26/Content/Clip_Model/lambert27.uasset" 198
"E:/Autogrid_Loading 4.26/Content/Clip_Model/uploads_files_853271_gas_tank.uasset" 199
"E:/Autogrid_Loading 4.26/Content/Clip_Model/lambert1.uasset" 200
"E:/Autogrid_Loading 4.26/Content/Clip_Model/clipring_bottom.uasset" 201
"../../../Engine/Content/EngineMaterials/Good64x64TilingNoiseHighFreq.uasset" 202
"E:/Autogrid_Loading 4.26/Content/VirtualReality/Materials/TeleportMCP.uasset" 203
"../../../Engine/Content/Functions/Engine_MaterialFunctions02/Utility/DepthFromWorldPosition.uasset" 204
"E:/Autogrid_Loading 4.26/Content/VirtualReality/Materials/MF_OccludedPixels.uasset" 205
"E:/Autogrid_Loading 4.26/Content/VirtualReality/Materials/M_TeleportPreviews.uasset" 206
"E:/Autogrid_Loading 4.26/Content/VirtualReality/Materials/MI_ChaperoneOutline.uasset" 207
"../../../Engine/Content/BasicShapes/Sphere.uasset" 208
"E:/Autogrid_Loading 4.26/Content/VirtualRealityBP/Blueprints/MotionControllerHaptics.uasset" 209
"E:/Autogrid_Loading 4.26/Content/VirtualRealityBP/Blueprints/PickupActorInterface.uasset" 210
"E:/Autogrid_Loading 4.26/Content/VirtualReality/Meshes/SM_FatCylinder.uasset" 211
"E:/Autogrid_Loading 4.26/Content/VirtualReality/Meshes/BeamMesh.uasset" 212
"E:/Autogrid_Loading 4.26/Content/VirtualReality/Meshes/BeaconDirection.uasset" 213
"E:/Autogrid_Loading 4.26/Content/VirtualReality/Meshes/1x1_cube.uasset" 214
"../../../Engine/Content/Functions/Engine_MaterialFunctions02/ScreenResolution.uasset" 215
"../../../Engine/Content/Functions/Engine_MaterialFunctions01/Texturing/ScaleUVsByCenter.uasset" 216
"../../../Engine/Content/Functions/Engine_MaterialFunctions02/Texturing/ScreenAlignedUVs.uasset" 217
"E:/Autogrid_Loading 4.26/Content/VirtualReality/Materials/M_SplineArcMat.uasset" 218
"E:/Autogrid_Loading 4.26/Content/VirtualReality/Materials/M_ArcEndpoint.uasset" 219
"E:/Autogrid_Loading 4.26/Content/VirtualReality/Materials/MI_TeleportCylinderPreview.uasset" 220
"E:/Autogrid_Loading 4.26/Content/VR_Hands/Meshes/VRHand_Right_PhysicsAsset.uasset" 221
"E:/Autogrid_Loading 4.26/Content/VR_Hands/Textures/SSS/T_Hand_SSS.uasset" 222
"E:/Autogrid_Loading 4.26/Content/VirtualReality/Mannequin/Character/Textures/T_StylizedManHand_ORM.uasset" 223
"E:/Autogrid_Loading 4.26/Content/VirtualReality/Mannequin/Character/Textures/T_StylizedManHand_BC.uasset" 224
"E:/Autogrid_Loading 4.26/Content/VR_Hands/Textures/T_Example_BC.uasset" 225
"E:/Autogrid_Loading 4.26/Content/VR_Hands/Textures/T_Example_N.uasset" 226
"E:/Autogrid_Loading 4.26/Content/VR_Hands/Materials/Shaders/M_Master.uasset" 227
"E:/Autogrid_Loading 4.26/Content/VirtualReality/Mannequin/Character/Materials/MI_StylizedManHand.uasset" 228
"E:/Autogrid_Loading 4.26/Content/VirtualReality/Mannequin/Character/Mesh/MannequinHand_Right_Skeleton.uasset" 229
"E:/Autogrid_Loading 4.26/Content/VirtualReality/Mannequin/Character/Mesh/StylizedManHand_Right.uasset" 230
"E:/Autogrid_Loading 4.26/Content/VirtualRealityBP/Blueprints/GripEnum.uasset" 231
"E:/Autogrid_Loading 4.26/Content/VirtualReality/Mannequin/Animations/PointAnimation.uasset" 232
"E:/Autogrid_Loading 4.26/Content/VirtualReality/Mannequin/Animations/PickupTinyAnimation.uasset" 233
"E:/Autogrid_Loading 4.26/Content/VirtualReality/Mannequin/Animations/MannequinHand_Right_Open.uasset" 234
"E:/Autogrid_Loading 4.26/Content/VirtualReality/Mannequin/Animations/MannequinHand_Right_GrabPipet.uasset" 235
"E:/Autogrid_Loading 4.26/Content/VirtualReality/Mannequin/Animations/MannequinHand_Right_Grab.uasset" 236
"E:/Autogrid_Loading 4.26/Content/VirtualReality/Mannequin/Animations/MannequinHand_Right_CanGrab.uasset" 237
"E:/Autogrid_Loading 4.26/Content/VirtualReality/Mannequin/Animations/RightHandGesture_BS.uasset" 238
"E:/Autogrid_Loading 4.26/Content/VirtualReality/Mannequin/Animations/RightGrip_BS.uasset" 239
"E:/Autogrid_Loading 4.26/Content/VirtualReality/Mannequin/Animations/RightHand_AnimBP.uasset" 240
"E:/Autogrid_Loading 4.26/Content/VirtualReality/Mannequin/Character/Textures/T_StylizedManHand_TX.uasset" 241
"E:/Autogrid_Loading 4.26/Content/VirtualReality/Mannequin/Character/Materials/MI_StylizedManHand_Inst.uasset" 242
"../../../Engine/Content/EditorBlueprintResources/StandardMacros.uasset" 243
"E:/Autogrid_Loading 4.26/Content/VirtualRealityBP/Blueprints/BP_MotionController.uasset" 244
"E:/Autogrid_Loading 4.26/Content/VirtualRealityBP/Blueprints/MotionControllerPawn.uasset" 245
"E:/Autogrid_Loading 4.26/Content/VirtualReality/Materials/M_BaseMaterial.uasset" 246
"E:/Autogrid_Loading 4.26/Content/VirtualReality/Materials/MI_SmallCubes.uasset" 247
"E:/Autogrid_Loading 4.26/Content/Geometry/Meshes/CubeMaterial.uasset" 248
"E:/Autogrid_Loading 4.26/Content/Geometry/Meshes/1M_Cube.uasset" 249
"E:/Autogrid_Loading 4.26/Content/GeneralContent/BP_Floor.uasset" 250
"E:/Autogrid_Loading 4.26/Content/GeneralContent/BPC_FloorEvent.uasset" 251
"E:/Autogrid_Loading 4.26/Content/VirtualRealityBP/Blueprints/BP_PickupCube.uasset" 252
"E:/Autogrid_Loading 4.26/Content/AGL_Enum.uasset" 253
"E:/Autogrid_Loading 4.26/Content/Clip_Model/pasted__gridbox.uasset" 254
"E:/Autogrid_Loading 4.26/Content/Clip_Model/gridbox_cross.uasset" 255
"../../../Engine/Content/BasicShapes/Cube.uasset" 256
"E:/Autogrid_Loading 4.26/Content/Geometry/transparent.uasset" 257
"E:/Autogrid_Loading 4.26/Content/Clip_Model/special_tweezer.uasset" 258
"../../../Engine/Content/EngineSky/T_Sky_Stars.uasset" 259
"../../../Engine/Content/EngineSky/T_Sky_Clouds_M.uasset" 260
"../../../Engine/Content/EngineSky/T_Sky_Blue.uasset" 261
"../../../Engine/Content/EngineSky/M_Sky_Panning_Clouds2.uasset" 262
"../../../Engine/Content/EngineSky/SM_SkySphere.uasset" 263
"../../../Engine/Content/EngineSky/C_Sky_Zenith_Color.uasset" 264
"../../../Engine/Content/EngineSky/C_Sky_Horizon_Color.uasset" 265
"../../../Engine/Content/EngineSky/C_Sky_Cloud_Color.uasset" 266
"../../../Engine/Content/EngineSky/BP_Sky_Sphere.uasset" 267
"E:/Autogrid_Loading 4.26/Content/VirtualRealityBP/Maps/Autogrid_Loading_BuiltData.uasset" 268
"E:/Autogrid_Loading 4.26/Content/StarterContent/Materials/M_Basic_Wall.uasset" 269
"E:/Autogrid_Loading 4.26/Content/Models/IlluMat.uasset" 270
"E:/Autogrid_Loading 4.26/Content/VirtualRealityBP/Blueprints/Menu/MenuBar_inGame.uasset" 271
"E:/Autogrid_Loading 4.26/Content/Clip_Model/Highlight_Ring.uasset" 272
"../../../Engine/Content/BasicShapes/Plane.uasset" 273
"E:/Autogrid_Loading 4.26/Content/StarterContent/Textures/T_Smoke_Tiled_D.uasset" 274
"E:/Autogrid_Loading 4.26/Content/StarterContent/Textures/T_Smoke_SubUV.uasset" 275
"E:/Autogrid_Loading 4.26/Content/StarterContent/Particles/Materials/M_smoke_subUV.uasset" 276
"E:/Autogrid_Loading 4.26/Content/StarterContent/Particles/P_Steam_Up.uasset" 277
"E:/Autogrid_Loading 4.26/Content/StarterContent/Textures/T_Water_N.uasset" 278
"E:/Autogrid_Loading 4.26/Content/StarterContent/Textures/T_Perlin_Noise_M.uasset" 279
"E:/Autogrid_Loading 4.26/Content/StarterContent/Materials/M_Water_Lake.uasset" 280
"E:/Autogrid_Loading 4.26/Content/Models/Autoloader/titan_into_lambert1_OcclusionRoughnessMetallic.uasset" 281
"E:/Autogrid_Loading 4.26/Content/Models/Autoloader/titan_into_lambert1_Normal.uasset" 282
"E:/Autogrid_Loading 4.26/Content/Models/Autoloader/titan_into_lambert1_BaseColor.uasset" 283
"E:/Autogrid_Loading 4.26/Content/Models/Autoloader/Nano_Cab_M.uasset" 284
"E:/Autogrid_Loading 4.26/Content/Models/Autoloader/titan_insert_lambert1_OcclusionRoughnessMetallic.uasset" 285
"E:/Autogrid_Loading 4.26/Content/Models/Autoloader/titan_insert_lambert1_Normal.uasset" 286
"E:/Autogrid_Loading 4.26/Content/Models/Autoloader/titan_insert_lambert1_BaseColor.uasset" 287
"E:/Autogrid_Loading 4.26/Content/Models/Autoloader/lambert1.uasset" 288
"E:/Autogrid_Loading 4.26/Content/Models/Autoloader/nanocab_cover.uasset" 289
"E:/Autogrid_Loading 4.26/Content/Models/Autoloader/nano_cab.uasset" 290
"E:/Autogrid_Loading 4.26/Content/Models/Autoloader/AutoLoader_Cassete_M_AutoLoader_Cassete_OcclusionRoughnessMetallic.uasset" 291
"E:/Autogrid_Loading 4.26/Content/Models/Autoloader/AutoLoader_Cassete_M_AutoLoader_Cassete_Normal.uasset" 292
"E:/Autogrid_Loading 4.26/Content/Models/Autoloader/AutoLoader_Cassete_M_AutoLoader_Cassete_BaseColor.uasset" 293
"E:/Autogrid_Loading 4.26/Content/Models/Autoloader/M_AutoLoader_Cassete.uasset" 294
"E:/Autogrid_Loading 4.26/Content/Models/Autoloader/AutoLoader_Cassete.uasset" 295
"E:/Autogrid_Loading 4.26/Content/VirtualRealityBP/Blueprints/Autoloader/Nanocab.uasset" 296
"E:/Autogrid_Loading 4.26/Content/Models/Textures/WaterDropTex.uasset" 297
"E:/Autogrid_Loading 4.26/Content/Models/Textures/CloudTex.uasset" 298
"E:/Autogrid_Loading 4.26/Content/Models/01M_Glass.uasset" 299
"E:/Autogrid_Loading 4.26/Content/Models/01GridHolderMat_Inst.uasset" 300
"E:/Autogrid_Loading 4.26/Content/VirtualRealityBP/Blueprints/Autoloader/Nanocab_Cover.uasset" 301
"E:/Autogrid_Loading 4.26/Content/Models/01GeneralWhiteMat.uasset" 302
"E:/Autogrid_Loading 4.26/Content/VirtualRealityBP/Blueprints/Autoloader/Autoloader_Side_Cover.uasset" 303
"E:/Autogrid_Loading 4.26/Content/Models/Autoloader/lids_lid4_OcclusionRoughnessMetallic.uasset" 304
"E:/Autogrid_Loading 4.26/Content/Models/Autoloader/lids_lid4_Normal.uasset" 305
"E:/Autogrid_Loading 4.26/Content/Models/Autoloader/lids_lid4_BaseColor.uasset" 306
"E:/Autogrid_Loading 4.26/Content/Models/Autoloader/lid4.uasset" 307
"E:/Autogrid_Loading 4.26/Content/Models/Autoloader/Cover4.uasset" 308
"E:/Autogrid_Loading 4.26/Content/Models/Autoloader/lids_lid2_OcclusionRoughnessMetallic.uasset" 309
"E:/Autogrid_Loading 4.26/Content/Models/Autoloader/lids_lid2_Normal.uasset" 310
"E:/Autogrid_Loading 4.26/Content/Models/Autoloader/lids_lid2_BaseColor.uasset" 311
"E:/Autogrid_Loading 4.26/Content/Models/Autoloader/lidR.uasset" 312
"E:/Autogrid_Loading 4.26/Content/VirtualRealityBP/Blueprints/Autoloader/AutoLoader_Cover_TopS.uasset" 313
"E:/Autogrid_Loading 4.26/Content/Models/Autoloader/lids_lid3_OcclusionRoughnessMetallic.uasset" 314
"E:/Autogrid_Loading 4.26/Content/Models/Autoloader/lids_lid3_Normal.uasset" 315
"E:/Autogrid_Loading 4.26/Content/Models/Autoloader/lids_lid3_BaseColor.uasset" 316
"E:/Autogrid_Loading 4.26/Content/Models/Autoloader/lid3.uasset" 317
"E:/Autogrid_Loading 4.26/Content/Models/Autoloader/Cover3.uasset" 318
"E:/Autogrid_Loading 4.26/Content/VirtualRealityBP/Blueprints/Autoloader/AutoLoader_Cover_top.uasset" 319
"E:/Autogrid_Loading 4.26/Content/Models/Autoloader/Cover2.uasset" 320
"E:/Autogrid_Loading 4.26/Content/VirtualRealityBP/Blueprints/Autoloader/AutoLoader_Cover_R1.uasset" 321
"E:/Autogrid_Loading 4.26/Content/Models/Autoloader/lids_lambert3_OcclusionRoughnessMetallic.uasset" 322
"E:/Autogrid_Loading 4.26/Content/Models/Autoloader/lids_lambert3_Normal.uasset" 323
"E:/Autogrid_Loading 4.26/Content/Models/Autoloader/lids_lambert3_BaseColor.uasset" 324
"E:/Autogrid_Loading 4.26/Content/Models/Autoloader/lidL.uasset" 325
"E:/Autogrid_Loading 4.26/Content/Models/Autoloader/Cover1.uasset" 326
"E:/Autogrid_Loading 4.26/Content/VirtualRealityBP/Blueprints/Autoloader/AutoLoader_Cover_L1.uasset" 327
"E:/Autogrid_Loading 4.26/Content/Models/Textures/WorkstationOpacityTex.uasset" 328
"E:/Autogrid_Loading 4.26/Content/Models/Textures/T_MacroVariation.uasset" 329
"E:/Autogrid_Loading 4.26/Content/Models/01M_Metal_Chrome.uasset" 330
"E:/Autogrid_Loading 4.26/Content/Models/M_Metal_Chrome.uasset" 331
"E:/Autogrid_Loading 4.26/Content/Models/Tweezer_gridMat_inst.uasset" 332
"E:/Autogrid_Loading 4.26/Content/Models/Textures/TweezerSpongeTex.uasset" 333
"E:/Autogrid_Loading 4.26/Content/Models/SpongeTweezerMat.uasset" 334
"E:/Autogrid_Loading 4.26/Content/Models/Tweezer.uasset" 335
"E:/Autogrid_Loading 4.26/Content/Models/Tweezer_Grid.uasset" 336
"E:/Autogrid_Loading 4.26/Content/Clip_Model/Temp/clip.uasset" 337
"E:/Autogrid_Loading 4.26/Content/Clip_Model/Temp/clip_gridring.uasset" 338
"E:/Autogrid_Loading 4.26/Content/Clip_Model/Texture/clipring_bottom_1001_OcclusionRoughnessMetallic.uasset" 339
"E:/Autogrid_Loading 4.26/Content/Clip_Model/Texture/clipring_bottom_1001_Normal.uasset" 340
"E:/Autogrid_Loading 4.26/Content/Clip_Model/Texture/clipring_bottom_1001_BaseColor.uasset" 341
"E:/Autogrid_Loading 4.26/Content/Clip_Model/Material/Clip_Bottom.uasset" 342
"E:/Autogrid_Loading 4.26/Content/VirtualRealityBP/Blueprints/Tweezers.uasset" 343
"E:/Autogrid_Loading 4.26/Content/Particles/WaterSplash_Tex.uasset" 344
"E:/Autogrid_Loading 4.26/Content/Particles/WaterSplashMat.uasset" 345
"E:/Autogrid_Loading 4.26/Content/Particles/WaterSplash_P.uasset" 346
"E:/Autogrid_Loading 4.26/Content/Models/Textures/GeneralBlack_tex.uasset" 347
"E:/Autogrid_Loading 4.26/Content/Models/01GeneralBlackMat.uasset" 348
"E:/Autogrid_Loading 4.26/Content/Models/NitrogenTankCapMesh.uasset" 349
"E:/Autogrid_Loading 4.26/Content/Models/Textures/metal_bareTex.uasset" 350
"E:/Autogrid_Loading 4.26/Content/Models/DewarMat.uasset" 351
"E:/Autogrid_Loading 4.26/Content/Models/DewarMesh.uasset" 352
"E:/Autogrid_Loading 4.26/Content/VirtualRealityBP/Blueprints/Dewar_BP.uasset" 353
"E:/Autogrid_Loading 4.26/Content/Clip_Model/Texture/special_tweezer_1001_OcclusionRoughnessMetallic.uasset" 354
"E:/Autogrid_Loading 4.26/Content/Clip_Model/Texture/special_tweezer_1001_Normal.uasset" 355
"E:/Autogrid_Loading 4.26/Content/Clip_Model/Texture/special_tweezer_1001_BaseColor.uasset" 356
"E:/Autogrid_Loading 4.26/Content/Clip_Model/Material/Special_Tweezers.uasset" 357
"E:/Autogrid_Loading 4.26/Content/VirtualRealityBP/Blueprints/Cross_Tweezers.uasset" 358
"E:/Autogrid_Loading 4.26/Content/StarterContent/Particles/P_Steam_Lit.uasset" 359
"E:/Autogrid_Loading 4.26/Content/Models/Autoloader/titan_insert_lambert6_OcclusionRoughnessMetallic.uasset" 360
"E:/Autogrid_Loading 4.26/Content/Models/Autoloader/titan_insert_lambert6_Normal.uasset" 361
"E:/Autogrid_Loading 4.26/Content/Models/Autoloader/titan_insert_lambert6_BaseColor.uasset" 362
"E:/Autogrid_Loading 4.26/Content/Models/Autoloader/lambert6.uasset" 363
"E:/Autogrid_Loading 4.26/Content/Models/Autoloader/lambert2.uasset" 364
"E:/Autogrid_Loading 4.26/Content/Models/Autoloader/cassette_transfer_tool.uasset" 365
"E:/Autogrid_Loading 4.26/Content/Models/Autoloader/titan_new_loader.uasset" 366
"E:/Autogrid_Loading 4.26/Content/Clip_Model/Temp/gridbox.uasset" 367
"E:/Autogrid_Loading 4.26/Content/Clip_Model/Temp/clip_gridbox_titan2.uasset" 368
"E:/Autogrid_Loading 4.26/Content/VirtualRealityBP/Blueprints/Autoloader/AutoLoader_BP.uasset" 369
"E:/Autogrid_Loading 4.26/Content/Models/Autoloader/cassette_transfer_tool_1001_OcclusionRoughnessMetallic.uasset" 370
"E:/Autogrid_Loading 4.26/Content/Models/Autoloader/cassette_transfer_tool_1001_Normal.uasset" 371
"E:/Autogrid_Loading 4.26/Content/Models/Autoloader/cassette_transfer_tool_1001_BaseColor.uasset" 372
"E:/Autogrid_Loading 4.26/Content/Models/Autoloader/Cassette_TT_M.uasset" 373
"E:/Autogrid_Loading 4.26/Content/VirtualRealityBP/Blueprints/Autoloader/Cassette_Tool.uasset" 374
"E:/Autogrid_Loading 4.26/Content/Clip_Model/gridbox_cap.uasset" 375
"E:/Autogrid_Loading 4.26/Content/Clip_Model/gridbox_cap_pCylinder3.uasset" 376
"E:/Autogrid_Loading 4.26/Content/Clip_Model/Texture/clippen_main_OcclusionRoughnessMetallic.uasset" 377
"E:/Autogrid_Loading 4.26/Content/Clip_Model/Texture/clippen_main_Normal.uasset" 378
"E:/Autogrid_Loading 4.26/Content/Clip_Model/Texture/clippen_main_BaseColor.uasset" 379
"E:/Autogrid_Loading 4.26/Content/Clip_Model/Material/Clip_Pen.uasset" 380
"E:/Autogrid_Loading 4.26/Content/VirtualRealityBP/Blueprints/Cap_Pen.uasset" 381
"E:/Autogrid_Loading 4.26/Content/Geometry/transparent_transparent.uasset" 382
"E:/Autogrid_Loading 4.26/Content/VirtualRealityBP/Blueprints/TransparentCap.uasset" 383
"E:/Autogrid_Loading 4.26/Content/Sound/Machine_Sound_Process.uasset" 384
"E:/Autogrid_Loading 4.26/Content/Models/Titan/Titan_M_Titan_Door_OcclusionRoughnessMetallic.uasset" 385
"E:/Autogrid_Loading 4.26/Content/Models/Titan/Titan_M_Titan_Door_Normal.uasset" 386
"E:/Autogrid_Loading 4.26/Content/Models/Titan/Titan_M_Titan_Door_BaseColor.uasset" 387
"E:/Autogrid_Loading 4.26/Content/Models/Titan/M_Titan_Door.uasset" 388
"E:/Autogrid_Loading 4.26/Content/Models/Titan/Titan_TitanDoor.uasset" 389
"E:/Autogrid_Loading 4.26/Content/Models/Titan/Titan_M_Titan_OcclusionRoughnessMetallic.uasset" 390
"E:/Autogrid_Loading 4.26/Content/Models/Titan/Titan_M_Titan_Normal.uasset" 391
"E:/Autogrid_Loading 4.26/Content/Models/Titan/Titan_M_Titan_BaseColor.uasset" 392
"E:/Autogrid_Loading 4.26/Content/Models/Titan/M_Titan.uasset" 393
"E:/Autogrid_Loading 4.26/Content/Models/Titan/Titan_Titan.uasset" 394
"E:/Autogrid_Loading 4.26/Content/Models/Titan/Titan_Inside_M_Titan_Inside_OcclusionRoughnessMetallic.uasset" 395
"E:/Autogrid_Loading 4.26/Content/Models/Titan/Titan_Inside_M_Titan_Inside_Normal.uasset" 396
"E:/Autogrid_Loading 4.26/Content/Models/Titan/Titan_Inside_M_Titan_Inside_BaseColor.uasset" 397
"E:/Autogrid_Loading 4.26/Content/Models/Titan/M_Titan_Inside.uasset" 398
"E:/Autogrid_Loading 4.26/Content/Models/Titan/Titan_Inside.uasset" 399
"E:/Autogrid_Loading 4.26/Content/Models/Titan/Screen1.uasset" 400
"E:/Autogrid_Loading 4.26/Content/Models/Titan/NewMaterial.uasset" 401
"E:/Autogrid_Loading 4.26/Content/Models/Titan/Dock_Button1.uasset" 402
"E:/Autogrid_Loading 4.26/Content/Models/Titan/Dock_Button.uasset" 403
"E:/Autogrid_Loading 4.26/Content/Models/Titan/Cassette_State.uasset" 404
"E:/Autogrid_Loading 4.26/Content/StarterContent/Particles/P_Steam_Down.uasset" 405
"E:/Autogrid_Loading 4.26/Content/Sound/Valve_Close_Process.uasset" 406
"E:/Autogrid_Loading 4.26/Content/VirtualRealityBP/Blueprints/Titan_Blueprint.uasset" 407
"E:/Autogrid_Loading 4.26/Content/Geometry/lambert1.uasset" 408
"E:/Autogrid_Loading 4.26/Content/Geometry/gridbox_cap_pCylinder3.uasset" 409
"E:/Autogrid_Loading 4.26/Content/Test_Geometry/Test_Textures/FreezeDewar.uasset" 410
"E:/Autogrid_Loading 4.26/Content/VirtualRealityBP/Blueprints/FreezeDewar.uasset" 411
"E:/Autogrid_Loading 4.26/Content/Test_Geometry/lambert4SG.uasset" 412
"E:/Autogrid_Loading 4.26/Content/VirtualRealityBP/Blueprints/DewarCap_BP.uasset" 413
"E:/Autogrid_Loading 4.26/Content/Test_Geometry/Test_Textures/Sounds/FinishTask.uasset" 414
"../../../Engine/Content/BasicShapes/BasicShapeMaterial.uasset" 415
"E:/Autogrid_Loading 4.26/Content/UI/UI_Elements/TutorialUI/TextRender_BP.uasset" 416
"E:/Autogrid_Loading 4.26/Content/UI/TutorialUI/CP3_UI_RotateArrowMesh.uasset" 417
"E:/Autogrid_Loading 4.26/Content/UI/TutorialUI/arrow.uasset" 418
"E:/Autogrid_Loading 4.26/Content/UI/TutorialUI/CP3_UI_RArrowMat.uasset" 419
"E:/Autogrid_Loading 4.26/Content/UI/TutorialUI/UI_RotateArrow_BP.uasset" 420
"E:/Autogrid_Loading 4.26/Content/UI/TutorialUI/CP3_UI_ForwardArrowMesh.uasset" 421
"E:/Autogrid_Loading 4.26/Content/UI/TutorialUI/CP3_UI_FArrowMat.uasset" 422
"E:/Autogrid_Loading 4.26/Content/UI/TutorialUI/UI_ForwardArrow_BP.uasset" 423
"E:/Autogrid_Loading 4.26/Content/Sound/S_PlaceStorageBox.uasset" 424
"E:/Autogrid_Loading 4.26/Content/Sound/S_PickupHandle2.uasset" 425
"E:/Autogrid_Loading 4.26/Content/Sound/S_PickupHandle.uasset" 426
"E:/Autogrid_Loading 4.26/Content/Sound/S_PickupGrid.uasset" 427
"E:/Autogrid_Loading 4.26/Content/Sound/S_PickupDewar.uasset" 428
"E:/Autogrid_Loading 4.26/Content/Sound/S_PickupClippingTools.uasset" 429
"E:/Autogrid_Loading 4.26/Content/Sound/S_OpenTitanDoor.uasset" 430
"E:/Autogrid_Loading 4.26/Content/Sound/S_Dock.uasset" 431
"E:/Autogrid_Loading 4.26/Content/Sound/S_DetachPlug.uasset" 432
"E:/Autogrid_Loading 4.26/Content/Sound/S_CoverLoadingStation.uasset" 433
"E:/Autogrid_Loading 4.26/Content/Sound/S_CooldownAutoloaderTweezers.uasset" 434
"E:/Autogrid_Loading 4.26/Content/Sound/End.uasset" 435
"E:/Autogrid_Loading 4.26/Content/Sound/Begin.uasset" 436
"E:/Autogrid_Loading 4.26/Content/Movies/NewMediaPlayer.uasset" 437
"E:/Autogrid_Loading 4.26/Content/Test_Geometry/Material_001.uasset" 438
"E:/Autogrid_Loading 4.26/Content/Test_Geometry/Material_003.uasset" 439
"E:/Autogrid_Loading 4.26/Content/Test_Geometry/Material_002.uasset" 440
"E:/Autogrid_Loading 4.26/Content/Test_Geometry/Material.uasset" 441
"E:/Autogrid_Loading 4.26/Content/Test_Geometry/DoorHandler.uasset" 442
"E:/Autogrid_Loading 4.26/Content/Test_Geometry/Door.uasset" 443
"E:/Autogrid_Loading 4.26/Content/Sound/S_Wait2.uasset" 444
"E:/Autogrid_Loading 4.26/Content/Sound/S_Wait.uasset" 445
"E:/Autogrid_Loading 4.26/Content/Sound/S_Undock.uasset" 446
"E:/Autogrid_Loading 4.26/Content/Sound/S_RemoveCovers.uasset" 447
"E:/Autogrid_Loading 4.26/Content/Sound/S_RemoveCapsuleCover2.uasset" 448
"E:/Autogrid_Loading 4.26/Content/Sound/S_RemoveCapsuleCover.uasset" 449
"E:/Autogrid_Loading 4.26/Content/Sound/S_ReleaseCapsule2.uasset" 450
"E:/Autogrid_Loading 4.26/Content/Sound/S_ReleaseCapsule.uasset" 451
"E:/Autogrid_Loading 4.26/Content/Sound/S_RefillLN.uasset" 452
"E:/Autogrid_Loading 4.26/Content/Sound/S_PourLN.uasset" 453
"E:/Autogrid_Loading 4.26/Content/Models/Textures/simple_table_simple_table_OcclusionRoughnessMetallic.uasset" 454
"E:/Autogrid_Loading 4.26/Content/Models/Textures/simple_table_simple_table_Normal.uasset" 455
"E:/Autogrid_Loading 4.26/Content/Models/Textures/simple_table_simple_table_BaseColor.uasset" 456
"E:/Autogrid_Loading 4.26/Content/Models/Simple_Table_M.uasset" 457
"E:/Autogrid_Loading 4.26/Content/Models/lambert1.uasset" 458
"E:/Autogrid_Loading 4.26/Content/Models/simple_table.uasset" 459
"E:/Autogrid_Loading 4.26/Content/Models/defaultMat.uasset" 460
"E:/Autogrid_Loading 4.26/Content/Models/NewRoomMesh.uasset" 461
"E:/Autogrid_Loading 4.26/Content/Highlight_Materials/MF_SampleSceneTextureNeighbourUVs.uasset" 462
"E:/Autogrid_Loading 4.26/Content/Highlight_Materials/MF_ExtractDepth.uasset" 463
"E:/Autogrid_Loading 4.26/Content/Highlight_Materials/MF_ConvolveTexture.uasset" 464
"E:/Autogrid_Loading 4.26/Content/Highlight_Materials/PP_Outliner_M.uasset" 465
"E:/Autogrid_Loading 4.26/Content/Highlight_Materials/PP_Outliner_Inst.uasset" 466
"E:/Autogrid_Loading 4.26/Content/GeneralContent/Materials/MM_Ghost_Breath.uasset" 467
"E:/Autogrid_Loading 4.26/Content/GeneralContent/Materials/MI_Ghost_Breath.uasset" 468
"E:/Autogrid_Loading 4.26/Content/GeneralContent/M_SimpleLight.uasset" 469
"E:/Autogrid_Loading 4.26/Content/GeneralContent/SimpleLight.uasset" 470
"E:/Autogrid_Loading 4.26/Content/Clip_Model/Temp/lambert1.uasset" 471
"E:/Autogrid_Loading 4.26/Content/VirtualRealityBP/Maps/Autogrid_Loading.umap" 472
"E:/Autogrid_Loading 4.26/Content/VirtualRealityBP/Maps/Autogrid_Loading_Practice_BuiltData.uasset" 473
"E:/Autogrid_Loading 4.26/Content/Sound/Beginning_Practice.uasset" 474
"E:/Autogrid_Loading 4.26/Content/VirtualRealityBP/Maps/Autogrid_Loading_Practice.umap" 475
"E:/Autogrid_Loading 4.26/Content/VirtualRealityBP/Maps/Menu_BuiltData.uasset" 476
"E:/Autogrid_Loading 4.26/Content/VirtualRealityBP/Blueprints/Menu/MainMenuBar.uasset" 477
"E:/Autogrid_Loading 4.26/Content/VirtualRealityBP/Maps/Menu.umap" 478
"../../../Engine/Content/Maps/Entry_BuiltData.uasset" 479
"../../../Engine/Content/Maps/Entry.umap" 480
